INFO:     Will watch for changes in these directories: ['/Users/jingyu/Documents/Sentry/backend']
INFO:     Uvicorn running on http://127.0.0.1:8000 (Press CTRL+C to quit)
INFO:     Started reloader process [79724] using WatchFiles
INFO:     Started server process [79728]
INFO:     Waiting for application startup.
INFO:     Application startup complete.
⚠️  AI libraries not installed. Install with: pip install google-generativeai numpy scikit-learn
⚠️  Gemini AI disabled (set GEMINI_API_KEY to enable)
INFO:     127.0.0.1:60668 - "GET /health HTTP/1.1" 200 OK
INFO:     127.0.0.1:60676 - "OPTIONS /reports HTTP/1.1" 200 OK
INFO:     127.0.0.1:60676 - "POST /reports HTTP/1.1" 500 Internal Server Error
INFO:     127.0.0.1:60676 - "POST /reports HTTP/1.1" 500 Internal Server Error
INFO:     127.0.0.1:60688 - "POST /reports HTTP/1.1" 500 Internal Server Error
INFO:     127.0.0.1:60690 - "POST /reports HTTP/1.1" 500 Internal Server Error
INFO:     127.0.0.1:60705 - "POST /reports HTTP/1.1" 400 Bad Request
INFO:     127.0.0.1:60705 - "POST /reports HTTP/1.1" 500 Internal Server Error
INFO:     127.0.0.1:60710 - "POST /reports HTTP/1.1" 500 Internal Server Error
INFO:     127.0.0.1:60714 - "POST /reports HTTP/1.1" 500 Internal Server Error
INFO:     127.0.0.1:60714 - "GET /reports HTTP/1.1" 200 OK
INFO:     127.0.0.1:60721 - "GET /reports HTTP/1.1" 200 OK
INFO:     127.0.0.1:60721 - "GET /reports HTTP/1.1" 200 OK
INFO:     127.0.0.1:60733 - "POST /reports HTTP/1.1" 500 Internal Server Error
INFO:     127.0.0.1:60735 - "POST /reports HTTP/1.1" 500 Internal Server Error
INFO:     127.0.0.1:60735 - "POST /reports HTTP/1.1" 500 Internal Server Error
INFO:     127.0.0.1:60740 - "GET /reports HTTP/1.1" 200 OK
INFO:     127.0.0.1:60740 - "GET /reports HTTP/1.1" 200 OK
INFO:     127.0.0.1:60751 - "GET /reports HTTP/1.1" 200 OK
INFO:     127.0.0.1:60760 - "GET /reports HTTP/1.1" 200 OK
INFO:     127.0.0.1:60768 - "GET /reports HTTP/1.1" 200 OK
INFO:     127.0.0.1:60772 - "GET /reports HTTP/1.1" 200 OK
INFO:     127.0.0.1:60778 - "GET /reports HTTP/1.1" 200 OK
INFO:     127.0.0.1:60788 - "GET /reports HTTP/1.1" 200 OK
INFO:     127.0.0.1:60822 - "GET /reports HTTP/1.1" 200 OK
WARNING:  WatchFiles detected changes in 'main.py'. Reloading...
INFO:     Shutting down
INFO:     Waiting for application shutdown.
INFO:     Application shutdown complete.
INFO:     Finished server process [79728]
Process SpawnProcess-2:
Traceback (most recent call last):
  File "/Users/jingyu/Documents/Sentry/backend/.venv/lib/python3.12/site-packages/sentry_sdk/utils.py", line 340, in __init__
    self.project_id = str(int(path.pop()))
                          ^^^^^^^^^^^^^^^
ValueError: invalid literal for int() with base 10: 'your-project-id'

During handling of the above exception, another exception occurred:

Traceback (most recent call last):
  File "/opt/anaconda3/lib/python3.12/multiprocessing/process.py", line 314, in _bootstrap
    self.run()
  File "/opt/anaconda3/lib/python3.12/multiprocessing/process.py", line 108, in run
    self._target(*self._args, **self._kwargs)
  File "/Users/jingyu/Documents/Sentry/backend/.venv/lib/python3.12/site-packages/uvicorn/_subprocess.py", line 80, in subprocess_started
    target(sockets=sockets)
  File "/Users/jingyu/Documents/Sentry/backend/.venv/lib/python3.12/site-packages/uvicorn/server.py", line 67, in run
    return asyncio_run(self.serve(sockets=sockets), loop_factory=self.config.get_loop_factory())
           ^^^^^^^^^^^^^^^^^^^^^^^^^^^^^^^^^^^^^^^^^^^^^^^^^^^^^^^^^^^^^^^^^^^^^^^^^^^^^^^^^^^^^
  File "/opt/anaconda3/lib/python3.12/asyncio/runners.py", line 194, in run
    return runner.run(main)
           ^^^^^^^^^^^^^^^^
  File "/opt/anaconda3/lib/python3.12/asyncio/runners.py", line 118, in run
    return self._loop.run_until_complete(task)
           ^^^^^^^^^^^^^^^^^^^^^^^^^^^^^^^^^^^
  File "uvloop/loop.pyx", line 1518, in uvloop.loop.Loop.run_until_complete
  File "/Users/jingyu/Documents/Sentry/backend/.venv/lib/python3.12/site-packages/uvicorn/server.py", line 71, in serve
    await self._serve(sockets)
  File "/Users/jingyu/Documents/Sentry/backend/.venv/lib/python3.12/site-packages/uvicorn/server.py", line 78, in _serve
    config.load()
  File "/Users/jingyu/Documents/Sentry/backend/.venv/lib/python3.12/site-packages/uvicorn/config.py", line 439, in load
    self.loaded_app = import_from_string(self.app)
                      ^^^^^^^^^^^^^^^^^^^^^^^^^^^^
  File "/Users/jingyu/Documents/Sentry/backend/.venv/lib/python3.12/site-packages/uvicorn/importer.py", line 19, in import_from_string
    module = importlib.import_module(module_str)
             ^^^^^^^^^^^^^^^^^^^^^^^^^^^^^^^^^^^
  File "/opt/anaconda3/lib/python3.12/importlib/__init__.py", line 90, in import_module
    return _bootstrap._gcd_import(name[level:], package, level)
           ^^^^^^^^^^^^^^^^^^^^^^^^^^^^^^^^^^^^^^^^^^^^^^^^^^^^
  File "<frozen importlib._bootstrap>", line 1387, in _gcd_import
  File "<frozen importlib._bootstrap>", line 1360, in _find_and_load
  File "<frozen importlib._bootstrap>", line 1331, in _find_and_load_unlocked
  File "<frozen importlib._bootstrap>", line 935, in _load_unlocked
  File "<frozen importlib._bootstrap_external>", line 995, in exec_module
  File "<frozen importlib._bootstrap>", line 488, in _call_with_frames_removed
  File "/Users/jingyu/Documents/Sentry/backend/main.py", line 40, in <module>
    sentry_sdk.init(
  File "/Users/jingyu/Documents/Sentry/backend/.venv/lib/python3.12/site-packages/sentry_sdk/_init_implementation.py", line 57, in _init
    client = sentry_sdk.Client(*args, **kwargs)
             ^^^^^^^^^^^^^^^^^^^^^^^^^^^^^^^^^^
  File "/Users/jingyu/Documents/Sentry/backend/.venv/lib/python3.12/site-packages/sentry_sdk/client.py", line 277, in __init__
    self._init_impl()
  File "/Users/jingyu/Documents/Sentry/backend/.venv/lib/python3.12/site-packages/sentry_sdk/client.py", line 363, in _init_impl
    self.transport = make_transport(self.options)
                     ^^^^^^^^^^^^^^^^^^^^^^^^^^^^
  File "/Users/jingyu/Documents/Sentry/backend/.venv/lib/python3.12/site-packages/sentry_sdk/transport.py", line 872, in make_transport
    return transport_cls(options)
           ^^^^^^^^^^^^^^^^^^^^^^
  File "/Users/jingyu/Documents/Sentry/backend/.venv/lib/python3.12/site-packages/sentry_sdk/transport.py", line 181, in __init__
    Transport.__init__(self, options)
  File "/Users/jingyu/Documents/Sentry/backend/.venv/lib/python3.12/site-packages/sentry_sdk/transport.py", line 72, in __init__
    self.parsed_dsn = Dsn(options["dsn"], options.get("org_id"))
                      ^^^^^^^^^^^^^^^^^^^^^^^^^^^^^^^^^^^^^^^^^^
  File "/Users/jingyu/Documents/Sentry/backend/.venv/lib/python3.12/site-packages/sentry_sdk/utils.py", line 342, in __init__
    raise BadDsn("Invalid project in DSN (%r)" % (parts.path or "")[1:])
sentry_sdk.utils.BadDsn: Invalid project in DSN ('your-project-id')
⚠️  AI libraries not installed. Install with: pip install google-generativeai numpy scikit-learn
⚠️  Gemini AI disabled (set GEMINI_API_KEY to enable)
WARNING:  WatchFiles detected changes in 'main.py'. Reloading...
INFO:     Started server process [80876]
INFO:     Waiting for application startup.
INFO:     Application startup complete.
⚠️  AI libraries not installed. Install with: pip install google-generativeai numpy scikit-learn
⚠️  Gemini AI disabled (set GEMINI_API_KEY to enable)
✅ Sentry monitoring enabled
INFO:     127.0.0.1:60873 - "GET /reports HTTP/1.1" 200 OK
INFO:     127.0.0.1:60927 - "GET /reports HTTP/1.1" 200 OK
INFO:     127.0.0.1:60935 - "GET /sentry-debug/ HTTP/1.1" 404 Not Found
INFO:     127.0.0.1:60974 - "GET /reports HTTP/1.1" 200 OK
INFO:     127.0.0.1:61011 - "GET /reports HTTP/1.1" 200 OK
WARNING:  WatchFiles detected changes in 'main.py'. Reloading...
INFO:     Shutting down
INFO:     Waiting for application shutdown.
INFO:     Application shutdown complete.
INFO:     Finished server process [80876]
INFO:     Started server process [80900]
INFO:     Waiting for application startup.
INFO:     Application startup complete.
